\BOOKMARK [1][-]{section.1}{\376\377\004\022\004\062\004\065\004\064\004\065\004\075\004\070\004\065}{}% 1
\BOOKMARK [2][-]{subsection.1.1}{\376\377\004\020\004\075\004\060\004\073\004\070\004\102\004\070\004\107\004\065\004\101\004\072\004\070\004\071\000\040\004\076\004\061\004\067\004\076\004\100\000\040\004\075\004\060\004\103\004\107\004\075\004\076\000-\004\102\004\065\004\105\004\075\004\070\004\107\004\065\004\101\004\072\004\076\004\071\000\040\004\070\004\075\004\104\004\076\004\100\004\074\004\060\004\106\004\070\004\070}{section.1}% 2
\BOOKMARK [2][-]{subsection.1.2}{\376\377\004\030\004\101\004\077\004\076\004\073\004\114\004\067\004\103\004\065\004\074\004\113\004\065\000\040\004\061\004\060\004\067\004\113\000\040\004\064\004\060\004\075\004\075\004\113\004\105\000\040\004\070\000\040\004\070\004\075\004\101\004\102\004\100\004\103\004\074\004\065\004\075\004\102\004\113\000\040\004\076\004\061\004\100\004\060\004\061\004\076\004\102\004\072\004\070\000\040\004\064\004\060\004\075\004\075\004\113\004\105}{section.1}% 3
\BOOKMARK [3][-]{subsubsection.1.2.1}{\376\377\004\021\004\060\004\067\004\060\000\040\004\064\004\060\004\075\004\075\004\113\004\105\000\040\000T\000h\000e\000r\000m\000o\000M\000L}{subsection.1.2}% 4
\BOOKMARK [3][-]{subsubsection.1.2.2}{\376\377\004\021\004\070\004\061\004\073\004\070\004\076\004\102\004\065\004\072\004\060\000\040\000T\000h\000e\000r\000m\000o\000P\000y\000L}{subsection.1.2}% 5
\BOOKMARK [2][-]{subsection.1.3}{\376\377\004\036\004\077\004\070\004\101\004\060\004\075\004\070\004\065\000\040\004\074\004\076\004\064\004\065\004\073\004\070\000\040\000C\000P\000-\000P\000C\000-\000S\000A\000F\000T}{section.1}% 6
\BOOKMARK [3][-]{subsubsection.1.3.1}{\376\377\004\036\004\101\004\075\004\076\004\062\004\075\004\113\004\065\000\040\004\077\004\076\004\073\004\076\004\066\004\065\004\075\004\070\004\117}{subsection.1.3}% 7
\BOOKMARK [3][-]{subsubsection.1.3.2}{\376\377\004\043\004\100\004\060\004\062\004\075\004\065\004\075\004\070\004\065\000\040\004\101\004\076\004\101\004\102\004\076\004\117\004\075\004\070\004\117\000\040\000P\000C\000-\000S\000A\000F\000T}{subsection.1.3}% 8
\BOOKMARK [3][-]{subsubsection.1.3.3}{\376\377\004\037\004\060\004\100\004\060\004\074\004\065\004\102\004\100\004\113\000\040\004\062\004\065\004\111\004\065\004\101\004\102\004\062}{subsection.1.3}% 9
\BOOKMARK [3][-]{subsubsection.1.3.4}{\376\377\004\032\004\100\004\070\004\102\004\065\004\100\004\070\004\070\000\040\004\077\004\060\004\100\004\060\004\074\004\065\004\102\004\100\004\070\004\067\004\060\004\106\004\070\004\070\000\040\004\062\000\040\000C\000P\000-\000P\000C\000-\000S\000A\000F\000T}{subsection.1.3}% 10
\BOOKMARK [3][-]{subsubsection.1.3.5}{\376\377\004\037\004\060\004\100\004\075\004\076\004\065\000\040\004\062\004\067\004\060\004\070\004\074\004\076\004\064\004\065\004\071\004\101\004\102\004\062\004\070\004\065\000\040\004\074\004\065\004\066\004\064\004\103\000\040\004\072\004\076\004\074\004\077\004\076\004\075\004\065\004\075\004\102\004\060\004\074\004\070\000\040\004\101\004\074\004\065\004\101\004\070}{subsection.1.3}% 11
\BOOKMARK [3][-]{subsubsection.1.3.6}{\376\377\004\037\004\100\004\070\004\074\004\065\004\075\004\070\004\074\004\076\004\101\004\102\004\114\000\040\004\074\004\076\004\064\004\065\004\073\004\070\000\040\000C\000P\000-\000P\000C\000-\000S\000A\000F\000T}{subsection.1.3}% 12
\BOOKMARK [3][-]{subsubsection.1.3.7}{\376\377\004\036\004\101\004\076\004\061\004\065\004\075\004\075\004\076\004\101\004\102\004\070\000\040\004\070\000\040\004\076\004\061\004\073\004\060\004\101\004\102\004\114\000\040\004\077\004\100\004\070\004\074\004\065\004\075\004\065\004\075\004\070\004\117}{subsection.1.3}% 13
\BOOKMARK [2][-]{subsection.1.4}{\376\377\004\036\004\077\004\070\004\101\004\060\004\075\004\070\004\065\000\040\004\103\004\100\004\060\004\062\004\075\004\065\004\075\004\070\004\117\000\040\004\101\004\076\004\101\004\102\004\076\004\117\004\075\004\070\004\117\000\040\004\021\004\100\004\103\004\101\004\070\004\073\004\076\004\062\004\101\004\072\004\076\004\063\004\076}{section.1}% 14
\BOOKMARK [3][-]{subsubsection.1.4.1}{\376\377\004\036\004\101\004\075\004\076\004\062\004\075\004\113\004\065\000\040\004\077\004\076\004\073\004\076\004\066\004\065\004\075\004\070\004\117}{subsection.1.4}% 15
\BOOKMARK [3][-]{subsubsection.1.4.2}{\376\377\004\043\004\100\004\060\004\062\004\075\004\065\004\075\004\070\004\065\000\040\004\101\004\076\004\101\004\102\004\076\004\117\004\075\004\070\004\117}{subsection.1.4}% 16
\BOOKMARK [3][-]{subsubsection.1.4.3}{\376\377\004\036\004\101\004\076\004\061\004\065\004\075\004\075\004\076\004\101\004\102\004\070\000\040\004\070\000\040\004\076\004\061\004\073\004\060\004\101\004\102\004\114\000\040\004\077\004\100\004\070\004\074\004\065\004\075\004\065\004\075\004\070\004\117}{subsection.1.4}% 17
\BOOKMARK [2][-]{subsection.1.5}{\376\377\004\020\004\072\004\102\004\103\004\060\004\073\004\114\004\075\004\076\004\101\004\102\004\114\000\040\004\070\000\040\004\075\004\076\004\062\004\070\004\067\004\075\004\060}{section.1}% 18
\BOOKMARK [1][-]{section.2}{\376\377\004\036\004\101\004\075\004\076\004\062\004\075\004\060\004\117\000\040\004\107\004\060\004\101\004\102\004\114}{}% 19
\BOOKMARK [2][-]{subsection.2.1}{\376\377\004\036\004\077\004\070\004\101\004\060\004\075\004\070\004\065\000\040\004\100\004\065\004\110\004\065\004\075\004\070\004\117\000\040\004\067\004\060\004\064\004\060\004\107\000\040\004\100\004\060\004\067\004\100\004\060\004\061\004\076\004\102\004\072\004\070\000/\004\070\004\101\004\101\004\073\004\065\004\064\004\076\004\062\004\060\004\075\004\070\004\071}{section.2}% 20
\BOOKMARK [2][-]{subsection.2.2}{\376\377\004\036\004\077\004\070\004\101\004\060\004\075\004\070\004\065\000\040\004\077\004\076\004\073\004\103\004\107\004\065\004\075\004\075\004\113\004\105\000\040\004\100\004\065\004\067\004\103\004\073\004\114\004\102\004\060\004\102\004\076\004\062}{section.2}% 21
\BOOKMARK [2][-]{subsection.2.3}{\376\377\004\022\004\113\004\062\004\076\004\064\004\113}{section.2}% 22
\BOOKMARK [1][-]{section.3}{\376\377\004\027\004\060\004\072\004\073\004\116\004\107\004\065\004\075\004\070\004\065}{}% 23
\BOOKMARK [2][-]{subsection.3.1}{\376\377\004\032\004\100\004\060\004\102\004\072\004\070\004\065\000\040\004\062\004\113\004\062\004\076\004\064\004\113}{section.3}% 24
\BOOKMARK [2][-]{subsection.3.2}{\376\377\004\036\004\106\004\065\004\075\004\072\004\060\000\040\004\077\004\076\004\073\004\075\004\076\004\102\004\113\000\040\004\100\004\065\004\110\004\065\004\075\004\070\004\071}{section.3}% 25
\BOOKMARK [2][-]{subsection.3.3}{\376\377\004\040\004\065\004\072\004\076\004\074\004\065\004\075\004\064\004\060\004\106\004\070\004\070\000\040\004\077\004\076\000\040\004\070\004\101\004\077\004\076\004\073\004\114\004\067\004\076\004\062\004\060\004\075\004\070\004\116}{section.3}% 26
\BOOKMARK [2][-]{subsection.3.4}{\376\377\004\042\004\065\004\105\004\075\004\070\004\072\004\076\000-\004\115\004\072\004\076\004\075\004\076\004\074\004\070\004\107\004\065\004\101\004\072\004\060\004\117\000\040\004\115\004\104\004\104\004\065\004\072\004\102\004\070\004\062\004\075\004\076\004\101\004\102\004\114\000\040\004\062\004\075\004\065\004\064\004\100\004\065\004\075\004\070\004\117}{section.3}% 27
\BOOKMARK [2][-]{subsection.3.5}{\376\377\004\036\004\106\004\065\004\075\004\072\004\060\000\040\004\075\004\060\004\103\004\107\004\075\004\076\000-\004\102\004\065\004\105\004\075\004\070\004\107\004\065\004\101\004\072\004\076\004\063\004\076\000\040\004\103\004\100\004\076\004\062\004\075\004\117}{section.3}% 28
