\BOOKMARK [1][-]{section.1}{\376\377\004\022\004\062\004\065\004\064\004\065\004\075\004\070\004\065}{}% 1
\BOOKMARK [1][-]{section.2}{\376\377\004\042\004\065\004\076\004\100\004\065\004\102\004\070\004\107\004\065\004\101\004\072\004\070\004\065\000\040\004\076\004\101\004\075\004\076\004\062\004\113}{}% 2
\BOOKMARK [2][-]{subsection.2.1}{\376\377\004\036\004\077\004\100\004\065\004\064\004\065\004\073\004\065\004\075\004\070\004\117\000\040\004\070\000\040\004\072\004\073\004\116\004\107\004\065\004\062\004\113\004\065\000\040\004\072\004\076\004\075\004\106\004\065\004\077\004\106\004\070\004\070}{section.2}% 3
\BOOKMARK [2][-]{subsection.2.2}{\376\377\004\044\004\076\004\100\004\074\004\103\004\073\004\070\004\100\004\076\004\062\004\072\004\060\000\040\004\070\000\040\004\077\004\100\004\065\004\064\004\077\004\076\004\073\004\076\004\066\004\065\004\075\004\070\004\117}{section.2}% 4
\BOOKMARK [1][-]{section.3}{\376\377\004\037\004\100\004\065\004\064\004\073\004\076\004\066\004\065\004\075\004\075\004\113\004\065\000\040\004\074\004\065\004\102\004\076\004\064\004\113}{}% 5
\BOOKMARK [2][-]{subsection.3.1}{\376\377\004\032\004\062\004\060\004\100\004\102\004\070\004\107\004\065\004\101\004\072\004\070\004\065\000\040\004\117\004\064\004\100\004\060}{section.3}% 6
\BOOKMARK [2][-]{subsection.3.2}{\376\377\004\020\004\073\004\063\004\076\004\100\004\070\004\102\004\074\004\113}{section.3}% 7
\BOOKMARK [2][-]{subsection.3.3}{\376\377\004\041\004\100\004\060\004\062\004\075\004\065\004\075\004\070\004\065\000\040\004\117\004\064\004\065\004\100}{section.3}% 8
\BOOKMARK [1][-]{section.4}{\376\377\004\041\004\100\004\060\004\062\004\075\004\070\004\102\004\065\004\073\004\114\004\075\004\113\004\071\000\040\004\060\004\075\004\060\004\073\004\070\004\067}{}% 9
\BOOKMARK [2][-]{subsection.4.1}{\376\377\004\030\004\101\004\077\004\076\004\073\004\114\004\067\004\103\004\065\004\074\004\113\004\065\000\040\004\060\004\073\004\063\004\076\004\100\004\070\004\102\004\074\004\113}{section.4}% 10
\BOOKMARK [2][-]{subsection.4.2}{\376\377\004\041\004\100\004\060\004\062\004\075\004\065\004\075\004\070\004\065}{section.4}% 11
\BOOKMARK [1][-]{section.5}{\376\377\004\032\004\076\004\064\000\040\004\064\004\073\004\117\000\040\004\102\004\065\004\101\004\102\004\070\004\100\004\076\004\062\004\060\004\075\004\070\004\117}{}% 12
\BOOKMARK [2][-]{subsection.5.1}{\376\377\004\036\004\101\004\075\004\076\004\062\004\075\004\076\004\071\000\040\004\072\004\076\004\064}{section.5}% 13
\BOOKMARK [3][-]{subsubsection.5.1.1}{\376\377\004\067\004\060\004\063\004\100\004\103\004\067\004\072\004\060\000\040\004\061\004\070\004\061\004\073\004\070\004\076\004\102\004\065\004\072}{subsection.5.1}% 14
\BOOKMARK [3][-]{subsubsection.5.1.2}{\376\377\004\030\004\075\004\070\004\106\004\070\004\060\004\073\004\070\004\067\004\060\004\106\004\070\004\117}{subsection.5.1}% 15
\BOOKMARK [3][-]{subsubsection.5.1.3}{\376\377\004\037\004\076\004\064\004\063\004\076\004\102\004\076\004\062\004\072\004\060\000\040\004\064\004\060\004\075\004\075\004\113\004\105}{subsection.5.1}% 16
\BOOKMARK [3][-]{subsubsection.5.1.4}{\376\377\004\027\004\060\004\077\004\103\004\101\004\072\000\040\004\060\004\073\004\063\004\076\004\100\004\070\004\102\004\074\004\076\004\062}{subsection.5.1}% 17
\BOOKMARK [3][-]{subsubsection.5.1.5}{\376\377\004\020\004\075\004\060\004\073\004\070\004\067\000\040\004\100\004\065\004\067\004\103\004\073\004\114\004\102\004\060\004\102\004\076\004\062}{subsection.5.1}% 18
\BOOKMARK [2][-]{subsection.5.2}{\376\377\004\030\004\101\004\077\004\076\004\073\004\114\004\067\004\103\004\065\004\074\004\113\004\065\000\040\004\061\004\070\004\061\004\073\004\070\004\076\004\102\004\065\004\072\004\070}{section.5}% 19
\BOOKMARK [1][-]{section.6}{\376\377\004\036\004\061\004\101\004\103\004\066\004\064\004\065\004\075\004\070\004\065\000\040\004\101\004\102\004\076\004\100\004\076\004\075\004\075\004\070\004\105\000\040\004\061\004\070\004\061\004\073\004\070\004\076\004\102\004\065\004\072}{}% 20
\BOOKMARK [2][-]{subsection.6.1}{\376\377\004\036\004\061\004\111\004\070\004\065\000\040\004\101\004\062\004\065\004\064\004\065\004\075\004\070\004\117}{section.6}% 21
\BOOKMARK [2][-]{subsection.6.2}{\376\377\004\030\004\101\004\077\004\076\004\073\004\114\004\067\004\103\004\065\004\074\004\113\004\065\000\040\004\064\004\060\004\102\004\060\004\101\004\065\004\102\004\113\000\040\004\070\000\040\004\100\004\065\004\110\004\060\004\065\004\074\004\113\004\065\000\040\004\067\004\060\004\064\004\060\004\107\004\070}{section.6}% 22
\BOOKMARK [1][-]{section.7}{\376\377\004\055\004\072\004\101\004\077\004\065\004\100\004\070\004\074\004\065\004\075\004\102\004\060\004\073\004\114\004\075\004\113\004\065\000\040\004\100\004\065\004\067\004\103\004\073\004\114\004\102\004\060\004\102\004\113}{}% 23
\BOOKMARK [2][-]{subsection.7.1}{\376\377\004\040\004\065\004\067\004\103\004\073\004\114\004\102\004\060\004\102\004\113\000\040\004\075\004\060\000\040\004\064\004\060\004\102\004\060\004\101\004\065\004\102\004\065\000\040\000C\000B\000C\000L}{section.7}% 24
\BOOKMARK [2][-]{subsection.7.2}{\376\377\004\040\004\065\004\067\004\103\004\073\004\114\004\102\004\060\004\102\004\113\000\040\004\075\004\060\000\040\004\064\004\060\004\102\004\060\004\101\004\065\004\102\004\065\000\040\000C\000o\000i\000l\000-\0002\0000}{section.7}% 25
\BOOKMARK [2][-]{subsection.7.3}{\376\377\004\040\004\065\004\067\004\103\004\073\004\114\004\102\004\060\004\102\004\113\000\040\004\075\004\060\000\040\004\064\004\060\004\102\004\060\004\101\004\065\004\102\004\065\000\040\000T\000D\000T\0002}{section.7}% 26
\BOOKMARK [2][-]{subsection.7.4}{\376\377\004\040\004\065\004\067\004\103\004\073\004\114\004\102\004\060\004\102\004\113\000\040\004\075\004\060\000\040\004\064\004\060\004\102\004\060\004\101\004\065\004\102\004\065\000\040\000R\000e\000u\000t\000e\000r\000s}{section.7}% 27
\BOOKMARK [1][-]{section.8}{\376\377\004\027\004\060\004\072\004\073\004\116\004\107\004\065\004\075\004\070\004\065}{}% 28
